# JRE version: OpenJDK Runtime Environment (11.0.10) (build 11.0.10+0-b96-7249189)
# Java VM: OpenJDK 64-Bit Server VM (11.0.10+0-b96-7249189, mixed mode, tiered, compressed oops, g1 gc, windows-amd64)
Heap:
 garbage-first heap   total 222208K, used 189211K [0x00000000c0000000, 0x0000000100000000)
  region size 1024K, 40 young (40960K), 6 survivors (6144K)
 Metaspace       used 131518K, capacity 135728K, committed 135808K, reserved 1167360K
  class space    used 16044K, capacity 17464K, committed 17536K, reserved 1048576K
GC Heap History (20 events):
Event: 2898.564 GC heap before
{Heap before GC invocations=197 (full 0):
 garbage-first heap   total 222208K, used 180129K [0x00000000c0000000, 0x0000000100000000)
  region size 1024K, 46 young (47104K), 1 survivors (1024K)
 Metaspace       used 128752K, capacity 132694K, committed 132864K, reserved 1165312K
  class space    used 15734K, capacity 17096K, committed 17152K, reserved 1048576K
}
Event: 2898.574 GC heap after
{Heap after GC invocations=198 (full 0):
 garbage-first heap   total 222208K, used 137503K [0x00000000c0000000, 0x0000000100000000)
  region size 1024K, 5 young (5120K), 5 survivors (5120K)
 Metaspace       used 128752K, capacity 132694K, committed 132864K, reserved 1165312K
  class space    used 15734K, capacity 17096K, committed 17152K, reserved 1048576K
}
Event: 2899.150 GC heap before
{Heap before GC invocations=199 (full 0):
 garbage-first heap   total 222208K, used 182559K [0x00000000c0000000, 0x0000000100000000)
  region size 1024K, 48 young (49152K), 5 survivors (5120K)
 Metaspace       used 128831K, capacity 132906K, committed 133120K, reserved 1165312K
  class space    used 15736K, capacity 17101K, committed 17152K, reserved 1048576K
}
Event: 2899.166 GC heap after
{Heap after GC invocations=200 (full 0):
 garbage-first heap   total 222208K, used 149504K [0x00000000c0000000, 0x0000000100000000)
  region size 1024K, 6 young (6144K), 6 survivors (6144K)
 Metaspace       used 128831K, capacity 132906K, committed 133120K, reserved 1165312K
  class space    used 15736K, capacity 17101K, committed 17152K, reserved 1048576K
}
Event: 2899.191 GC heap before
{Heap before GC invocations=200 (full 0):
 garbage-first heap   total 222208K, used 153600K [0x00000000c0000000, 0x0000000100000000)
  region size 1024K, 10 young (10240K), 6 survivors (6144K)
 Metaspace       used 128834K, capacity 132907K, committed 133120K, reserved 1165312K
  class space    used 15736K, capacity 17101K, committed 17152K, reserved 1048576K
}
Event: 2899.210 GC heap after
{Heap after GC invocations=201 (full 0):
 garbage-first heap   total 222208K, used 143950K [0x00000000c0000000, 0x0000000100000000)
  region size 1024K, 2 young (2048K), 2 survivors (2048K)
 Metaspace       used 128834K, capacity 132907K, committed 133120K, reserved 1165312K
  class space    used 15736K, capacity 17101K, committed 17152K, reserved 1048576K
}
Event: 2899.536 GC heap before
{Heap before GC invocations=201 (full 0):
 garbage-first heap   total 222208K, used 178766K [0x00000000c0000000, 0x0000000100000000)
  region size 1024K, 37 young (37888K), 2 survivors (2048K)
 Metaspace       used 128906K, capacity 132989K, committed 133120K, reserved 1165312K
  class space    used 15738K, capacity 17105K, committed 17152K, reserved 1048576K
}
Event: 2899.545 GC heap after
{Heap after GC invocations=202 (full 0):
 garbage-first heap   total 222208K, used 145278K [0x00000000c0000000, 0x0000000100000000)
  region size 1024K, 3 young (3072K), 3 survivors (3072K)
 Metaspace       used 128906K, capacity 132989K, committed 133120K, reserved 1165312K
  class space    used 15738K, capacity 17105K, committed 17152K, reserved 1048576K
}
Event: 2957.578 GC heap before
{Heap before GC invocations=203 (full 0):
 garbage-first heap   total 222208K, used 181118K [0x00000000c0000000, 0x0000000100000000)
  region size 1024K, 40 young (40960K), 3 survivors (3072K)
 Metaspace       used 130770K, capacity 134951K, committed 135168K, reserved 1167360K
  class space    used 15976K, capacity 17365K, committed 17408K, reserved 1048576K
}
Event: 2957.587 GC heap after
{Heap after GC invocations=204 (full 0):
 garbage-first heap   total 222208K, used 148383K [0x00000000c0000000, 0x0000000100000000)
  region size 1024K, 5 young (5120K), 5 survivors (5120K)
 Metaspace       used 130770K, capacity 134951K, committed 135168K, reserved 1167360K
  class space    used 15976K, capacity 17365K, committed 17408K, reserved 1048576K
}
Event: 2957.665 GC heap before
{Heap before GC invocations=204 (full 0):
 garbage-first heap   total 222208K, used 152479K [0x00000000c0000000, 0x0000000100000000)
  region size 1024K, 10 young (10240K), 5 survivors (5120K)
 Metaspace       used 130934K, capacity 135111K, committed 135168K, reserved 1167360K
  class space    used 15999K, capacity 17397K, committed 17408K, reserved 1048576K
}
Event: 2957.680 GC heap after
{Heap after GC invocations=205 (full 0):
 garbage-first heap   total 222208K, used 133228K [0x00000000c0000000, 0x0000000100000000)
  region size 1024K, 2 young (2048K), 2 survivors (2048K)
 Metaspace       used 130934K, capacity 135111K, committed 135168K, reserved 1167360K
  class space    used 15999K, capacity 17397K, committed 17408K, reserved 1048576K
}
Event: 2958.262 GC heap before
{Heap before GC invocations=205 (full 0):
 garbage-first heap   total 222208K, used 179308K [0x00000000c0000000, 0x0000000100000000)
  region size 1024K, 48 young (49152K), 2 survivors (2048K)
 Metaspace       used 131190K, capacity 135534K, committed 135808K, reserved 1167360K
  class space    used 16030K, capacity 17450K, committed 17536K, reserved 1048576K
}
Event: 2958.273 GC heap after
{Heap after GC invocations=206 (full 0):
 garbage-first heap   total 222208K, used 135624K [0x00000000c0000000, 0x0000000100000000)
  region size 1024K, 4 young (4096K), 4 survivors (4096K)
 Metaspace       used 131190K, capacity 135534K, committed 135808K, reserved 1167360K
  class space    used 16030K, capacity 17450K, committed 17536K, reserved 1048576K
}
Event: 3055.589 GC heap before
{Heap before GC invocations=207 (full 0):
 garbage-first heap   total 222208K, used 180680K [0x00000000c0000000, 0x0000000100000000)
  region size 1024K, 50 young (51200K), 4 survivors (4096K)
 Metaspace       used 131348K, capacity 135576K, committed 135808K, reserved 1167360K
  class space    used 16040K, capacity 17458K, committed 17536K, reserved 1048576K
}
Event: 3055.598 GC heap after
{Heap after GC invocations=208 (full 0):
 garbage-first heap   total 222208K, used 139114K [0x00000000c0000000, 0x0000000100000000)
  region size 1024K, 7 young (7168K), 7 survivors (7168K)
 Metaspace       used 131348K, capacity 135576K, committed 135808K, reserved 1167360K
  class space    used 16040K, capacity 17458K, committed 17536K, reserved 1048576K
}
Event: 3055.632 GC heap before
{Heap before GC invocations=208 (full 0):
 garbage-first heap   total 222208K, used 144234K [0x00000000c0000000, 0x0000000100000000)
  region size 1024K, 10 young (10240K), 7 survivors (7168K)
 Metaspace       used 131349K, capacity 135576K, committed 135808K, reserved 1167360K
  class space    used 16040K, capacity 17458K, committed 17536K, reserved 1048576K
}
Event: 3055.649 GC heap after
{Heap after GC invocations=209 (full 0):
 garbage-first heap   total 222208K, used 134574K [0x00000000c0000000, 0x0000000100000000)
  region size 1024K, 2 young (2048K), 2 survivors (2048K)
 Metaspace       used 131349K, capacity 135576K, committed 135808K, reserved 1167360K
  class space    used 16040K, capacity 17458K, committed 17536K, reserved 1048576K
}
Event: 3055.896 GC heap before
{Heap before GC invocations=209 (full 0):
 garbage-first heap   total 222208K, used 181678K [0x00000000c0000000, 0x0000000100000000)
  region size 1024K, 48 young (49152K), 2 survivors (2048K)
 Metaspace       used 131362K, capacity 135640K, committed 135808K, reserved 1167360K
  class space    used 16041K, capacity 17458K, committed 17536K, reserved 1048576K
}
Event: 3055.912 GC heap after
{Heap after GC invocations=210 (full 0):
 garbage-first heap   total 222208K, used 145179K [0x00000000c0000000, 0x0000000100000000)
  region size 1024K, 6 young (6144K), 6 survivors (6144K)
 Metaspace       used 131362K, capacity 135640K, committed 135808K, reserved 1167360K
  class space    used 16041K, capacity 17458K, committed 17536K, reserved 1048576K
}

