# JRE version: OpenJDK Runtime Environment (11.0.10) (build 11.0.10+0-b96-7249189)
# Java VM: OpenJDK 64-Bit Server VM (11.0.10+0-b96-7249189, mixed mode, tiered, compressed oops, g1 gc, windows-amd64)
Heap:
 garbage-first heap   total 129024K, used 69716K [0x0000000080000000, 0x0000000100000000)
  region size 1024K, 55 young (56320K), 4 survivors (4096K)
 Metaspace       used 33971K, capacity 34800K, committed 34864K, reserved 1079296K
  class space    used 4411K, capacity 4712K, committed 4736K, reserved 1048576K
GC Heap History (10 events):
Event: 2.625 GC heap before
{Heap before GC invocations=0 (full 0):
 garbage-first heap   total 129024K, used 29696K [0x0000000080000000, 0x0000000100000000)
  region size 1024K, 24 young (24576K), 0 survivors (0K)
 Metaspace       used 9807K, capacity 9986K, committed 10112K, reserved 1058816K
  class space    used 1021K, capacity 1102K, committed 1152K, reserved 1048576K
}
Event: 2.672 GC heap after
{Heap after GC invocations=1 (full 0):
 garbage-first heap   total 129024K, used 9110K [0x0000000080000000, 0x0000000100000000)
  region size 1024K, 3 young (3072K), 3 survivors (3072K)
 Metaspace       used 9807K, capacity 9986K, committed 10112K, reserved 1058816K
  class space    used 1021K, capacity 1102K, committed 1152K, reserved 1048576K
}
Event: 4.442 GC heap before
{Heap before GC invocations=1 (full 0):
 garbage-first heap   total 129024K, used 23446K [0x0000000080000000, 0x0000000100000000)
  region size 1024K, 17 young (17408K), 3 survivors (3072K)
 Metaspace       used 10707K, capacity 10939K, committed 11264K, reserved 1058816K
  class space    used 1122K, capacity 1206K, committed 1280K, reserved 1048576K
}
Event: 4.461 GC heap after
{Heap after GC invocations=2 (full 0):
 garbage-first heap   total 129024K, used 9425K [0x0000000080000000, 0x0000000100000000)
  region size 1024K, 1 young (1024K), 1 survivors (1024K)
 Metaspace       used 10707K, capacity 10939K, committed 11264K, reserved 1058816K
  class space    used 1122K, capacity 1206K, committed 1280K, reserved 1048576K
}
Event: 6.313 GC heap before
{Heap before GC invocations=2 (full 0):
 garbage-first heap   total 129024K, used 47313K [0x0000000080000000, 0x0000000100000000)
  region size 1024K, 38 young (38912K), 1 survivors (1024K)
 Metaspace       used 13080K, capacity 13371K, committed 13696K, reserved 1060864K
  class space    used 1443K, capacity 1551K, committed 1664K, reserved 1048576K
}
Event: 6.320 GC heap after
{Heap after GC invocations=3 (full 0):
 garbage-first heap   total 129024K, used 14871K [0x0000000080000000, 0x0000000100000000)
  region size 1024K, 5 young (5120K), 5 survivors (5120K)
 Metaspace       used 13080K, capacity 13371K, committed 13696K, reserved 1060864K
  class space    used 1443K, capacity 1551K, committed 1664K, reserved 1048576K
}
Event: 8.387 GC heap before
{Heap before GC invocations=3 (full 0):
 garbage-first heap   total 129024K, used 56855K [0x0000000080000000, 0x0000000100000000)
  region size 1024K, 47 young (48128K), 5 survivors (5120K)
 Metaspace       used 20612K, capacity 21150K, committed 21296K, reserved 1069056K
  class space    used 2513K, capacity 2688K, committed 2688K, reserved 1048576K
}
Event: 8.397 GC heap after
{Heap after GC invocations=4 (full 0):
 garbage-first heap   total 129024K, used 16803K [0x0000000080000000, 0x0000000100000000)
  region size 1024K, 2 young (2048K), 2 survivors (2048K)
 Metaspace       used 20612K, capacity 21150K, committed 21296K, reserved 1069056K
  class space    used 2513K, capacity 2688K, committed 2688K, reserved 1048576K
}
Event: 9.929 GC heap before
{Heap before GC invocations=5 (full 0):
 garbage-first heap   total 129024K, used 70051K [0x0000000080000000, 0x0000000100000000)
  region size 1024K, 54 young (55296K), 2 survivors (2048K)
 Metaspace       used 25921K, capacity 26485K, committed 26672K, reserved 1073152K
  class space    used 3392K, capacity 3599K, committed 3712K, reserved 1048576K
}
Event: 9.939 GC heap after
{Heap after GC invocations=6 (full 0):
 garbage-first heap   total 129024K, used 18516K [0x0000000080000000, 0x0000000100000000)
  region size 1024K, 4 young (4096K), 4 survivors (4096K)
 Metaspace       used 25921K, capacity 26485K, committed 26672K, reserved 1073152K
  class space    used 3392K, capacity 3599K, committed 3712K, reserved 1048576K
}

